


ARM Macro Assembler    Page 1 


    1 00000000         ; Print.s
    2 00000000         ; Student names: change this to your names or look very 
                       silly
    3 00000000         ; Last modification date: change this to the last modifi
                       cation date or look very silly
    4 00000000         ; Runs on LM4F120 or TM4C123
    5 00000000         ; EE319K lab 7 device driver for any LCD
    6 00000000         ;
    7 00000000         ; As part of Lab 7, students need to implement these LCD
                       _OutDec and LCD_OutFix
    8 00000000         ; This driver assumes two low-level LCD functions
    9 00000000         ; ST7735_OutChar   outputs a single 8-bit ASCII characte
                       r
   10 00000000         ; ST7735_OutString outputs a null-terminated string 
   11 00000000         
   12 00000000                 IMPORT           ST7735_OutChar
   13 00000000                 IMPORT           ST7735_OutString
   14 00000000                 EXPORT           LCD_OutDec
   15 00000000                 EXPORT           LCD_OutFix
   16 00000000         
   17 00000000 00000000 
                       Number  EQU              0
   18 00000000 00000004 
                       Number_MOD
                               EQU              4
   19 00000000 00000008 
                       Multipler
                               EQU              8
   20 00000000 0000000C 
                       StackPT EQU              12
   21 00000000         
   22 00000000         
   23 00000000 00000000 
                       Char1   EQU              0
   24 00000000 00000004 
                       Char2   EQU              4
   25 00000000 00000008 
                       Char3   EQU              8
   26 00000000 0000000C 
                       Char4   EQU              12
   27 00000000         
   28 00000000                 AREA             |.text|, CODE, READONLY, ALIGN=
2
   29 00000000                 THUMB
   30 00000000         
   31 00000000         ;-----------------------LCD_OutDec----------------------
                       -
   32 00000000         ; Output a 32-bit number in unsigned decimal format
   33 00000000         ; Input: R0 (call by value) 32-bit unsigned number
   34 00000000         ; Output: none
   35 00000000         ; Invariables: This function must not permanently modify
                        registers R4 to R11
   36 00000000         LCD_OutDec
   37 00000000         ;; --UUU-- Complete this (copy from Lab7-8)
   38 00000000 F04F 020A       MOV              R2, #10     ;Multipler is 10
   39 00000004 FBB0 F1F2       UDIV             R1, R0, R2  ;R1 has Input/10
   40 00000008 B084            SUB              SP, SP, #16 ;PUSH {R0, R1, R2, 
                                                            LR}
   41 0000000A 9000            STR              R0, [SP, #Number]



ARM Macro Assembler    Page 2 


   42 0000000C 9101            STR              R1, [SP, #Number_MOD]
   43 0000000E 9202            STR              R2, [SP, #Multipler]
   44 00000010 F8CD E00C       STR              LR, [SP, #StackPT]
   45 00000014 2900            CMP              R1, #0
   46 00000016 D003            BEQ              Done        ;Finished recursing
                                                             if 0/10
   47 00000018 FBB0 F0F2       UDIV             R0, R2
   48 0000001C F7FF FFFE       BL               LCD_OutDec
   49 00000020 9800    Done    LDR              R0, [SP, #Number]
   50 00000022 9901            LDR              R1, [SP, #Number_MOD]
   51 00000024 FB01 F102       MUL              R1, R2
   52 00000028 EBA0 0001       SUB              R0, R1      ;R0 = R0%10 || R0 =
                                                             R0 - R1*10
   53 0000002C F100 0030       ADD              R0, R0, #0x30 ;Convert number t
                                                            o char
   54 00000030 F7FF FFFE       BL               ST7735_OutChar
   55 00000034 9A02            LDR              R2, [SP, #Multipler]
   56 00000036 F8DD E00C       LDR              LR, [SP, #StackPT]
   57 0000003A B004            ADD              SP, SP, #16 ;POP {R0, R1, R2, L
                                                            R}
   58 0000003C         
   59 0000003C 4770            BX               LR
   60 0000003E         ;* * * * * * * * End of LCD_OutDec * * * * * * * *
   61 0000003E         
   62 0000003E         ; -----------------------LCD _OutFix--------------------
                       --
   63 0000003E         ; Output characters to LCD display in fixed-point format
                       
   64 0000003E         ; unsigned decimal, resolution 0.001, range 0.000 to 9.9
                       99
   65 0000003E         ; Inputs:  R0 is an unsigned 32-bit number
   66 0000003E         ; Outputs: none
   67 0000003E         ; E.g., R0=0,    then output "0.000 "
   68 0000003E         ;       R0=3,    then output "0.003 "
   69 0000003E         ;       R0=89,   then output "0.089 "
   70 0000003E         ;       R0=123,  then output "0.123 "
   71 0000003E         ;       R0=9999, then output "9.999 "
   72 0000003E         ;       R0>9999, then output "*.*** "
   73 0000003E         ; Invariables: This function must not permanently modify
                        registers R4 to R11
   74 0000003E         LCD_OutFix
   75 0000003E         ;; --UUU-- Complete this (copy from Lab7-8)
   76 0000003E B501            PUSH             {R0, LR}
   77 00000040 F7FF FFFE       BL               ST7735_OutChar
   78 00000044 E8BD 4001       POP              {R0, LR}
   79 00000048         
   80 00000048 4770            BX               LR
   81 0000004A         ;* * * * * * * * End of LCD_OutFix * * * * * * * *
   82 0000004A         
   83 0000004A 00 00           ALIGN                        ; make sure the end
                                                             of this section is
                                                             aligned
   84 0000004C                 END                          ; end of file
Command Line: --debug --xref --cpu=Cortex-M4 --apcs=interwork --depend=.\print.
d -o.\print.o -IC:\Keil\ARM\RV31\INC -IC:\Keil\ARM\CMSIS\Include -IC:\Keil\ARM\
Inc\Luminary --list=.\print.lst Print.s



ARM Macro Assembler    Page 1 Alphabetic symbol ordering
Relocatable symbols

.text 00000000

Symbol: .text
   Definitions
      At line 28 in file Print.s
   Uses
      None
Comment: .text unused
Done 00000020

Symbol: Done
   Definitions
      At line 49 in file Print.s
   Uses
      At line 46 in file Print.s
Comment: Done used once
LCD_OutDec 00000000

Symbol: LCD_OutDec
   Definitions
      At line 36 in file Print.s
   Uses
      At line 14 in file Print.s
      At line 48 in file Print.s

LCD_OutFix 0000003E

Symbol: LCD_OutFix
   Definitions
      At line 74 in file Print.s
   Uses
      At line 15 in file Print.s
Comment: LCD_OutFix used once
4 symbols



ARM Macro Assembler    Page 1 Alphabetic symbol ordering
Absolute symbols

Char1 00000000

Symbol: Char1
   Definitions
      At line 23 in file Print.s
   Uses
      None
Comment: Char1 unused
Char2 00000004

Symbol: Char2
   Definitions
      At line 24 in file Print.s
   Uses
      None
Comment: Char2 unused
Char3 00000008

Symbol: Char3
   Definitions
      At line 25 in file Print.s
   Uses
      None
Comment: Char3 unused
Char4 0000000C

Symbol: Char4
   Definitions
      At line 26 in file Print.s
   Uses
      None
Comment: Char4 unused
Multipler 00000008

Symbol: Multipler
   Definitions
      At line 19 in file Print.s
   Uses
      At line 43 in file Print.s
      At line 55 in file Print.s

Number 00000000

Symbol: Number
   Definitions
      At line 17 in file Print.s
   Uses
      At line 41 in file Print.s
      At line 49 in file Print.s

Number_MOD 00000004

Symbol: Number_MOD
   Definitions
      At line 18 in file Print.s
   Uses
      At line 42 in file Print.s
      At line 50 in file Print.s




ARM Macro Assembler    Page 2 Alphabetic symbol ordering
Absolute symbols

StackPT 0000000C

Symbol: StackPT
   Definitions
      At line 20 in file Print.s
   Uses
      At line 44 in file Print.s
      At line 56 in file Print.s

8 symbols



ARM Macro Assembler    Page 1 Alphabetic symbol ordering
External symbols

ST7735_OutChar 00000000

Symbol: ST7735_OutChar
   Definitions
      At line 12 in file Print.s
   Uses
      At line 54 in file Print.s
      At line 77 in file Print.s

ST7735_OutString 00000000

Symbol: ST7735_OutString
   Definitions
      At line 13 in file Print.s
   Uses
      None
Comment: ST7735_OutString unused
2 symbols
344 symbols in table
