


ARM Macro Assembler    Page 1 


    1 00000000         ; Print.s
    2 00000000         ; Student names: change this to your names or look very 
                       silly
    3 00000000         ; Last modification date: change this to the last modifi
                       cation date or look very silly
    4 00000000         ; Runs on LM4F120 or TM4C123
    5 00000000         ; EE319K lab 7 device driver for any LCD
    6 00000000         ;
    7 00000000         ; As part of Lab 7, students need to implement these LCD
                       _OutDec and LCD_OutFix
    8 00000000         ; This driver assumes two low-level LCD functions
    9 00000000         ; ST7735_OutChar   outputs a single 8-bit ASCII characte
                       r
   10 00000000         ; ST7735_OutString outputs a null-terminated string 
   11 00000000         
   12 00000000                 IMPORT           ST7735_OutChar
   13 00000000                 IMPORT           ST7735_OutString
   14 00000000         
   15 00000000                 AREA             |.text|, CODE, READONLY, ALIGN=
2
   16 00000000                 THUMB
   17 00000000         
   18 00000000         
   19 00000000         ;-----------------------LCD_OutDec----------------------
                       -
   20 00000000         ; Output a 32-bit number in unsigned decimal format
   21 00000000         ; Input: R0 (call by value) 32-bit unsigned number
   22 00000000         ; Output: none
   23 00000000         ; Invariables: This function must not permanently modify
                        registers R4 to R11
   24 00000000         LCD_OutDec
                               PROC
   25 00000000                 EXPORT           LCD_OutDec
   26 00000000         ;put your Lab 7 solution here
   27 00000000 00000004 
                       LinkOffset
                               EQU              4
   28 00000000         
   29 00000000         ;recursive implementation
   30 00000000         ;if input is greater than 10, div by 10, call LCD_OutDec
                        w new num
   31 00000000 F04F 020A       MOV              R2, #10     ;set R1 remainder, 
                                                            R2 mod
   32 00000004 FBB0 F1F2       UDIV             R1, R0, R2  ;R1=R0/10
   33 00000008 FB02 0211       MLS              R2, R2, R1, R0
   34 0000000C         
   35 0000000C 4610            MOV              R0, R2      ;Store remainder/li
                                                            nkage/frame
   36 0000000E B082            ADD              SP, #-8     ;manually store stu
                                                            ff in
   37 00000010 9000            STR              R0, [SP]
   38 00000012 F8CD E004       STR              LR, [SP, #LinkOffset]
   39 00000016         
   40 00000016 2900            CMP              R1, #0      ;if((R0)<10)
   41 00000018 D002            BEQ              base        ;{break;}
   42 0000001A         
   43 0000001A 4608            MOV              R0, R1
   44 0000001C F7FF FFFE       BL               LCD_OutDec  ;else{recurse;}
   45 00000020         



ARM Macro Assembler    Page 2 


   46 00000020         base
   47 00000020 9800            LDR              R0, [SP]
   48 00000022 F100 0030       ADD              R0, #0x30   ;print digit
   49 00000026 B40F            PUSH{R0-R3}
   50 00000028 F7FF FFFE       BL               ST7735_OutChar
   51 0000002C BC0F            POP{R0-R3}
   52 0000002E F8DD E004       LDR              LR, [SP, #LinkOffset]
   53 00000032 B002            ADD              SP, #8
   54 00000034 4770            BX               LR
   55 00000036                 ENDP
   56 00000036         ;* * * * * * * * End of LCD_OutDec * * * * * * * *
   57 00000036         
   58 00000036         ; -----------------------LCD _OutFix--------------------
                       --
   59 00000036         ; Output characters to LCD display in fixed-point format
                       
   60 00000036         ; unsigned decimal, resolution 0.001, range 0.000 to 9.9
                       99
   61 00000036         ; Inputs:  R0 is an unsigned 32-bit number
   62 00000036         ; Outputs: none
   63 00000036         ; E.g., R0=0,    then output "0.000 "
   64 00000036         ;       R0=3,    then output "0.003 "
   65 00000036         ;       R0=89,   then output "0.089 "
   66 00000036         ;       R0=123,  then output "0.123 "
   67 00000036         ;       R0=9999, then output "9.999 "
   68 00000036         ;       R0>9999, then output "*.*** "
   69 00000036         ; Invariables: This function must not permanently modify
                        registers R4 to R11
   70 00000036         LCD_OutFix
                               PROC
   71 00000036                 EXPORT           LCD_OutFix
   72 00000036 00000000 
                       ten     EQU              0
   73 00000036 00000004 
                       hun     EQU              4
   74 00000036 00000008 
                       thous   EQU              8
   75 00000036         
   76 00000036 B084            SUB              SP, #16
   77 00000038 46EC            MOV              R12, SP
   78 0000003A F04F 010A       MOV              R1, #10
   79 0000003E 9100            STR              R1, [SP]
   80 00000040 F04F 0164       MOV              R1, #100
   81 00000044 9101            STR              R1, [SP, #4]
   82 00000046 F44F 717A       MOV              R1, #1000
   83 0000004A 9102            STR              R1, [SP, #8]
   84 0000004C         
   85 0000004C F242 710F       MOV              R1, #9999   ;checks if within r
                                                            ange
   86 00000050 4288            CMP              R0, R1      ;checks if it is to
                                                            o big
   87 00000052 D83D            BHI              outrange
   88 00000054 2800            CMP              R0, #0      ;check if neg
   89 00000056 D33B            BLO              outrange
   90 00000058         
   91 00000058 F8DC 3008       LDR              R3, [R12, #thous] 
                                                            ; thousands digit
   92 0000005C FBB0 F1F3       UDIV             R1, R0, R3
   93 00000060 B504            PUSH             {R2, LR}



ARM Macro Assembler    Page 3 


   94 00000062 B40F            PUSH{R0-R3}
   95 00000064 4608            MOV              R0, R1
   96 00000066 F100 0030       ADD              R0, #0x30
   97 0000006A F7FF FFFE       BL               ST7735_OutChar
   98 0000006E F04F 002E       MOV              R0, #0x2E   ;decimal
   99 00000072 F7FF FFFE       BL               ST7735_OutChar
  100 00000076 BC0F            POP{R0-R3}
  101 00000078 FB01 F103       MUL              R1, R3
  102 0000007C EBA0 0001       SUB              R0, R1
  103 00000080 F8DC 3004       LDR              R3, [R12, #hun] ;hundreds digit
                                                            
  104 00000084 FBB0 F1F3       UDIV             R1, R0, R3
  105 00000088 B40F            PUSH{R0-R3}
  106 0000008A 4608            MOV              R0, R1
  107 0000008C F100 0030       ADD              R0, #0x30
  108 00000090 F7FF FFFE       BL               ST7735_OutChar
  109 00000094 BC0F            POP{R0-R3}
  110 00000096 FB01 F103       MUL              R1, R3
  111 0000009A EBA0 0001       SUB              R0, R1
  112 0000009E F8DC 3000       LDR              R3, [R12]   ;tens digit
  113 000000A2 FBB0 F1F3       UDIV             R1, R0, R3
  114 000000A6 B40F            PUSH{R0-R3}
  115 000000A8 4608            MOV              R0, R1
  116 000000AA F100 0030       ADD              R0, #0x30
  117 000000AE F7FF FFFE       BL               ST7735_OutChar
  118 000000B2 BC0F            POP{R0-R3}
  119 000000B4 FB01 F103       MUL              R1, R3
  120 000000B8 EBA0 0001       SUB              R0, R1      ;ones digit
  121 000000BC B40F            PUSH{R0-R3}
  122 000000BE F100 0030       ADD              R0, #0x30
  123 000000C2 F7FF FFFE       BL               ST7735_OutChar
  124 000000C6 BC0F            POP{R0-R3}
  125 000000C8 E8BD 4004       POP              {R2, LR}
  126 000000CC B004            ADD              SP, #16
  127 000000CE 4770            BX               LR
  128 000000D0         outrange
  129 000000D0 B501            PUSH{R0,         LR}
  130 000000D2 F04F 002A       MOV              R0, #0x2A   ;print '*.***'
  131 000000D6 B40F            PUSH{R0-R3}
  132 000000D8 F7FF FFFE       BL               ST7735_OutChar
  133 000000DC BC0F            POP{R0-R3}
  134 000000DE F04F 002E       MOV              R0, #0x2E
  135 000000E2 B40F            PUSH{R0-R3}
  136 000000E4 F7FF FFFE       BL               ST7735_OutChar
  137 000000E8 BC0F            POP{R0-R3}
  138 000000EA F04F 002A       MOV              R0, #0x2A
  139 000000EE B40F            PUSH{R0-R3}
  140 000000F0 F7FF FFFE       BL               ST7735_OutChar
  141 000000F4 BC0F            POP{R0-R3}
  142 000000F6 F04F 002A       MOV              R0, #0x2A
  143 000000FA B40F            PUSH{R0-R3}
  144 000000FC F7FF FFFE       BL               ST7735_OutChar
  145 00000100 BC0F            POP{R0-R3}
  146 00000102 F04F 002A       MOV              R0, #0x2A
  147 00000106 B40F            PUSH{R0-R3}
  148 00000108 F7FF FFFE       BL               ST7735_OutChar
  149 0000010C BC0F            POP{R0-R3}
  150 0000010E         OFdun
  151 0000010E E8BD 4001       POP{R0,          LR}



ARM Macro Assembler    Page 4 


  152 00000112 B004            ADD              SP, #16
  153 00000114 4770            BX               LR
  154 00000116                 ENDP
  155 00000116         
  156 00000116 00 00           ALIGN
  157 00000118         ;* * * * * * * * End of LCD_OutFix * * * * * * * *
  158 00000118         
  159 00000118                 ALIGN                        ; make sure the end
                                                             of this section is
                                                             aligned
  160 00000118                 END                          ; end of file
Command Line: --debug --xref --cpu=Cortex-M4 --apcs=interwork --depend=.\print.
d -o.\print.o -IC:\Keil\ARM\RV31\INC -IC:\Keil\ARM\CMSIS\Include -IC:\Keil\ARM\
Inc\TI\TM4C123 --list=.\print.lst print.s



ARM Macro Assembler    Page 1 Alphabetic symbol ordering
Relocatable symbols

.text 00000000

Symbol: .text
   Definitions
      At line 15 in file print.s
   Uses
      None
Comment: .text unused
LCD_OutDec 00000000

Symbol: LCD_OutDec
   Definitions
      At line 24 in file print.s
   Uses
      At line 25 in file print.s
      At line 44 in file print.s

LCD_OutFix 00000036

Symbol: LCD_OutFix
   Definitions
      At line 70 in file print.s
   Uses
      At line 71 in file print.s
Comment: LCD_OutFix used once
OFdun 0000010E

Symbol: OFdun
   Definitions
      At line 150 in file print.s
   Uses
      None
Comment: OFdun unused
base 00000020

Symbol: base
   Definitions
      At line 46 in file print.s
   Uses
      At line 41 in file print.s
Comment: base used once
outrange 000000D0

Symbol: outrange
   Definitions
      At line 128 in file print.s
   Uses
      At line 87 in file print.s
      At line 89 in file print.s

6 symbols



ARM Macro Assembler    Page 1 Alphabetic symbol ordering
Absolute symbols

LinkOffset 00000004

Symbol: LinkOffset
   Definitions
      At line 27 in file print.s
   Uses
      At line 38 in file print.s
      At line 52 in file print.s

hun 00000004

Symbol: hun
   Definitions
      At line 73 in file print.s
   Uses
      At line 103 in file print.s
Comment: hun used once
ten 00000000

Symbol: ten
   Definitions
      At line 72 in file print.s
   Uses
      None
Comment: ten unused
thous 00000008

Symbol: thous
   Definitions
      At line 74 in file print.s
   Uses
      At line 91 in file print.s
Comment: thous used once
4 symbols



ARM Macro Assembler    Page 1 Alphabetic symbol ordering
External symbols

ST7735_OutChar 00000000

Symbol: ST7735_OutChar
   Definitions
      At line 12 in file print.s
   Uses
      At line 50 in file print.s
      At line 97 in file print.s
      At line 99 in file print.s
      At line 108 in file print.s
      At line 117 in file print.s
      At line 123 in file print.s
      At line 132 in file print.s
      At line 136 in file print.s
      At line 140 in file print.s
      At line 144 in file print.s
      At line 148 in file print.s

ST7735_OutString 00000000

Symbol: ST7735_OutString
   Definitions
      At line 13 in file print.s
   Uses
      None
Comment: ST7735_OutString unused
2 symbols
342 symbols in table
